<?xml version="1.0" encoding="UTF-8"?>
<!-- Generated by org.testng.reporters.JUnitReportReporter -->
<testsuite hostname="DESKTOP-OCC0H5K" failures="0" tests="1" name="Home_page.TC010" time="12.233" errors="0" timestamp="2023-11-16T15:04:28 IST" skipped="0">
  <testcase classname="Home_page.TC010" name="Product_are_categorised" time="12.233"/>
</testsuite> <!-- Home_page.TC010 -->
