<?xml version="1.0" encoding="UTF-8"?>
<!-- Generated by org.testng.reporters.JUnitReportReporter -->
<testsuite hostname="DESKTOP-OCC0H5K" failures="0" tests="1" name="Home_page.TC007" time="43.606" errors="0" timestamp="2023-11-07T22:49:11 IST" skipped="0">
  <testcase classname="Home_page.TC007" name="login" time="43.606"/>
</testsuite> <!-- Home_page.TC007 -->
