<?xml version="1.0" encoding="UTF-8"?>
<!-- Generated by org.testng.reporters.JUnitReportReporter -->
<testsuite hostname="DESKTOP-OCC0H5K" failures="0" tests="1" name="Home_page.TC006" time="17.373" errors="0" timestamp="2023-11-07T22:36:29 IST" skipped="0">
  <testcase classname="Home_page.TC006" name="login" time="17.373"/>
</testsuite> <!-- Home_page.TC006 -->
