<?xml version="1.0" encoding="UTF-8"?>
<!-- Generated by org.testng.reporters.JUnitReportReporter -->
<testsuite hostname="DESKTOP-OCC0H5K" failures="0" tests="1" name="Home_page.TC004" time="13.547" errors="0" timestamp="2023-11-07T18:55:27 IST" skipped="0">
  <testcase classname="Home_page.TC004" name="login" time="13.547"/>
</testsuite> <!-- Home_page.TC004 -->
