<?xml version="1.0" encoding="UTF-8"?>
<!-- Generated by org.testng.reporters.JUnitReportReporter -->
<testsuite hostname="DESKTOP-OCC0H5K" failures="0" tests="1" name="Home_page.TC005" time="126.791" errors="0" timestamp="2023-11-07T19:14:39 IST" skipped="0">
  <testcase classname="Home_page.TC005" name="login" time="126.791"/>
</testsuite> <!-- Home_page.TC005 -->
