<?xml version="1.0" encoding="UTF-8"?>
<!-- Generated by org.testng.reporters.JUnitReportReporter -->
<testsuite hostname="DESKTOP-OCC0H5K" failures="0" tests="1" name="Home_page.TC003" time="115.991" errors="0" timestamp="2023-11-07T18:44:31 IST" skipped="0">
  <testcase classname="Home_page.TC003" name="login" time="115.991"/>
</testsuite> <!-- Home_page.TC003 -->
